CriminalIntent/app/build/intermediates/manifest_merge_blame_file/debug/manifest-merger-blame-debug-report.txt
1<?xml version="1.0" encoding="utf-8"?>
2<manifest xmlns:android="http://schemas.android.com/apk/res/android"
3    package="com.example.criminalintent"
4    android:versionCode="1"
5    android:versionName="1.0" >
6
7    <uses-sdk
8        android:minSdkVersion="19"
8-->src/main/AndroidManifest.xml
9        android:targetSdkVersion="30" />
9-->src/main/AndroidManifest.xml
10
11    <uses-permission android:name="android.permission.READ_CONTACTS" />
11-->src/main/AndroidManifest.xml:5:5-72
11-->src/main/AndroidManifest.xml:5:22-69
12
13    <uses-feature
13-->src/main/AndroidManifest.xml:6:5-84
14        android:name="android.hardware.camera"
14-->src/main/AndroidManifest.xml:6:19-57
15        android:required="false" />
15-->src/main/AndroidManifest.xml:6:58-82
16
17    <application
17-->src/main/AndroidManifest.xml:8:5-32:19
18        android:allowBackup="true"
18-->src/main/AndroidManifest.xml:9:9-35
19        android:appComponentFactory="android.support.v4.app.CoreComponentFactory"
19-->[com.android.support:support-compat:28.0.0] AndroidManifest.xml:22:18-91
20        android:debuggable="true"
21        android:icon="@mipmap/ic_launcher"
21-->src/main/AndroidManifest.xml:10:9-43
22        android:label="@string/app_name"
22-->src/main/AndroidManifest.xml:11:9-41
23        android:roundIcon="@mipmap/ic_launcher_round"
23-->src/main/AndroidManifest.xml:12:9-54
24        android:supportsRtl="true"
24-->src/main/AndroidManifest.xml:13:9-35
25        android:testOnly="true"
26        android:theme="@style/Theme.CriminalIntent" >
26-->src/main/AndroidManifest.xml:14:9-52
27        <activity
27-->src/main/AndroidManifest.xml:15:9-16:20
28            android:name="com.example.criminalintent.CrimePagerActivity"
28-->src/main/AndroidManifest.xml:15:19-53
29            android:parentActivityName="com.example.criminalintent.CrimeListActivity" >
29-->src/main/AndroidManifest.xml:15:54-101
30        </activity>
31        <activity android:name="com.example.criminalintent.CrimeListActivity" >
31-->src/main/AndroidManifest.xml:17:9-22:20
31-->src/main/AndroidManifest.xml:17:19-52
32            <intent-filter>
32-->src/main/AndroidManifest.xml:18:13-21:29
33                <action android:name="android.intent.action.MAIN" />
33-->src/main/AndroidManifest.xml:19:17-69
33-->src/main/AndroidManifest.xml:19:25-66
34
35                <category android:name="android.intent.category.LAUNCHER" />
35-->src/main/AndroidManifest.xml:20:17-77
35-->src/main/AndroidManifest.xml:20:27-74
36            </intent-filter>
37        </activity>
38
39        <provider
39-->src/main/AndroidManifest.xml:23:9-31:20
40            android:name="android.support.v4.content.FileProvider"
40-->src/main/AndroidManifest.xml:24:13-67
41            android:authorities="com.example.criminalintent.fileprovider"
41-->src/main/AndroidManifest.xml:25:13-74
42            android:exported="false"
42-->src/main/AndroidManifest.xml:26:13-37
43            android:grantUriPermissions="true" >
43-->src/main/AndroidManifest.xml:27:13-47
44            <meta-data
44-->src/main/AndroidManifest.xml:28:13-30:48
45                android:name="android.support.FILE_PROVIDER_PATHS"
45-->src/main/AndroidManifest.xml:29:17-67
46                android:resource="@xml/files" />
46-->src/main/AndroidManifest.xml:30:17-46
47        </provider>
48    </application>
49
50</manifest>